  [1m[35m (212.0ms)[0m  [1m[35mCREATE DATABASE "goalapp_development" ENCODING = 'unicode'[0m
  ↳ bin/rails:9
  [1m[35m (134.8ms)[0m  [1m[35mCREATE DATABASE "goalapp_test" ENCODING = 'unicode'[0m
  ↳ bin/rails:9
  [1m[35m (81.4ms)[0m  [1m[35mDROP DATABASE IF EXISTS "goalapp_test"[0m
  ↳ bin/rails:9
  [1m[35m (113.5ms)[0m  [1m[35mCREATE DATABASE "goalapp_test" ENCODING = 'unicode'[0m
  ↳ bin/rails:9
  [1m[35m (73.4ms)[0m  [1m[35mCREATE TABLE "schema_migrations" ("version" character varying NOT NULL PRIMARY KEY)[0m
  ↳ bin/rails:9
  [1m[35m (40.7ms)[0m  [1m[35mCREATE TABLE "ar_internal_metadata" ("key" character varying NOT NULL PRIMARY KEY, "value" character varying, "created_at" timestamp NOT NULL, "updated_at" timestamp NOT NULL)[0m
  ↳ bin/rails:9
  [1m[35m (0.5ms)[0m  [1m[34mSELECT pg_try_advisory_lock(7124768979244269255)[0m
  ↳ bin/rails:9
  [1m[35m (1.0ms)[0m  [1m[34mSELECT "schema_migrations"."version" FROM "schema_migrations" ORDER BY "schema_migrations"."version" ASC[0m
  ↳ bin/rails:9
Migrating to CreateUsers (20200326203951)
  [1m[35m (0.2ms)[0m  [1m[35mBEGIN[0m
  ↳ bin/rails:9
  [1m[35m (83.6ms)[0m  [1m[35mCREATE TABLE "users" ("id" bigserial primary key, "username" character varying NOT NULL, "password_digest" character varying NOT NULL, "session_token" character varying NOT NULL, "created_at" timestamp NOT NULL, "updated_at" timestamp NOT NULL)[0m
  ↳ db/migrate/20200326203951_create_users.rb:3
  [1m[35m (3.3ms)[0m  [1m[35mCREATE UNIQUE INDEX  "index_users_on_username" ON "users"  ("username")[0m
  ↳ db/migrate/20200326203951_create_users.rb:9
  [1m[35m (42.1ms)[0m  [1m[35mCREATE UNIQUE INDEX  "index_users_on_session_token" ON "users"  ("session_token")[0m
  ↳ db/migrate/20200326203951_create_users.rb:10
  [1m[36mActiveRecord::SchemaMigration Create (0.6ms)[0m  [1m[32mINSERT INTO "schema_migrations" ("version") VALUES ($1) RETURNING "version"[0m  [["version", "20200326203951"]]
  ↳ bin/rails:9
  [1m[35m (40.6ms)[0m  [1m[35mCOMMIT[0m
  ↳ bin/rails:9
  [1m[36mActiveRecord::InternalMetadata Load (0.7ms)[0m  [1m[34mSELECT  "ar_internal_metadata".* FROM "ar_internal_metadata" WHERE "ar_internal_metadata"."key" = $1 LIMIT $2[0m  [["key", "environment"], ["LIMIT", 1]]
  ↳ bin/rails:9
  [1m[35m (0.1ms)[0m  [1m[35mBEGIN[0m
  ↳ bin/rails:9
  [1m[36mActiveRecord::InternalMetadata Create (0.7ms)[0m  [1m[32mINSERT INTO "ar_internal_metadata" ("key", "value", "created_at", "updated_at") VALUES ($1, $2, $3, $4) RETURNING "key"[0m  [["key", "environment"], ["value", "development"], ["created_at", "2020-03-26 20:48:50.878391"], ["updated_at", "2020-03-26 20:48:50.878391"]]
  ↳ bin/rails:9
  [1m[35m (40.0ms)[0m  [1m[35mCOMMIT[0m
  ↳ bin/rails:9
  [1m[35m (0.3ms)[0m  [1m[34mSELECT pg_advisory_unlock(7124768979244269255)[0m
  ↳ bin/rails:9
  [1m[35m (0.4ms)[0m  [1m[34mSELECT "schema_migrations"."version" FROM "schema_migrations" ORDER BY "schema_migrations"."version" ASC[0m
  ↳ bin/rails:9
Started GET "/" for ::1 at 2020-03-26 16:55:14 -0700
  [1m[35m (2.0ms)[0m  [1m[34mSELECT "schema_migrations"."version" FROM "schema_migrations" ORDER BY "schema_migrations"."version" ASC[0m
  ↳ /Users/al/.rbenv/versions/2.5.1/lib/ruby/gems/2.5.0/gems/activerecord-5.2.4.2/lib/active_record/log_subscriber.rb:98
Processing by Rails::WelcomeController#index as HTML
  Rendering /Users/al/.rbenv/versions/2.5.1/lib/ruby/gems/2.5.0/gems/railties-5.2.4.2/lib/rails/templates/rails/welcome/index.html.erb
  Rendered /Users/al/.rbenv/versions/2.5.1/lib/ruby/gems/2.5.0/gems/railties-5.2.4.2/lib/rails/templates/rails/welcome/index.html.erb (22.0ms)
Completed 200 OK in 83ms (Views: 50.9ms | ActiveRecord: 0.0ms)


Started GET "/" for ::1 at 2020-03-26 16:55:24 -0700
Processing by Rails::WelcomeController#index as HTML
  Rendering /Users/al/.rbenv/versions/2.5.1/lib/ruby/gems/2.5.0/gems/railties-5.2.4.2/lib/rails/templates/rails/welcome/index.html.erb
  Rendered /Users/al/.rbenv/versions/2.5.1/lib/ruby/gems/2.5.0/gems/railties-5.2.4.2/lib/rails/templates/rails/welcome/index.html.erb (3.8ms)
Completed 200 OK in 32ms (Views: 24.7ms | ActiveRecord: 0.0ms)


Started GET "/users" for ::1 at 2020-03-26 16:55:30 -0700

SyntaxError - syntax error, unexpected '=', expecting keyword_end
....permit(:username,:password)) = 
...                              ^:
  app/controllers/users_controller.rb:7:in `'

Started POST "/__better_errors/361cb124573dcea9/variables" for ::1 at 2020-03-26 16:55:30 -0700
Started GET "/users" for ::1 at 2020-03-26 16:55:40 -0700

AbstractController::ActionNotFound - The action 'index' could not be found for UsersController:

Started POST "/__better_errors/1a24f468ec6cfb88/variables" for ::1 at 2020-03-26 16:55:40 -0700
Started GET "/users/1" for ::1 at 2020-03-26 16:55:46 -0700
Processing by UsersController#show as HTML
  Parameters: {"id"=>"1"}
Started GET "/users/new" for ::1 at 2020-03-26 16:56:05 -0700
Started GET "/users/new" for ::1 at 2020-03-26 16:56:05 -0700
  [1m[36mUser Load (10.7ms)[0m  [1m[34mSELECT  "users".* FROM "users" WHERE "users"."id" = $1 LIMIT $2[0m  [["id", 1], ["LIMIT", 1]]
  ↳ app/controllers/users_controller.rb:17
Processing by UsersController#new as HTML
  Rendering users/new.html.erb within layouts/application
  Rendered users/new.html.erb within layouts/application (1.8ms)
Processing by UsersController#new as HTML
  Rendering users/new.html.erb within layouts/application
  Rendered users/new.html.erb within layouts/application (0.3ms)
Completed 406 Not Acceptable in 21669ms (ActiveRecord: 62.4ms)



ActionController::UnknownFormat - UsersController#show is missing a template for this request format and variant.

request.formats: ["text/html"]
request.variant: []

NOTE! For XHR/Ajax or API requests, this action would normally respond with 204 No Content: an empty white screen. Since you're loading it in a web browser, we assume that you expected to actually render a template, not nothing, so we're showing an error to be extra-clear. If you expect 204 No Content, carry on. That's what you'll get from an XHR or API request. Give it a shot.:

Completed 200 OK in 3118ms (Views: 3117.6ms | ActiveRecord: 0.0ms)


Completed 200 OK in 3471ms (Views: 3469.8ms | ActiveRecord: 0.0ms)


Started GET "/use/new" for ::1 at 2020-03-26 16:56:10 -0700
  
ActionController::RoutingError (No route matches [GET] "/use/new"):
  
actionpack (5.2.4.2) lib/action_dispatch/middleware/debug_exceptions.rb:65:in `call'
web-console (3.7.0) lib/web_console/middleware.rb:135:in `call_app'
web-console (3.7.0) lib/web_console/middleware.rb:30:in `block in call'
web-console (3.7.0) lib/web_console/middleware.rb:20:in `catch'
web-console (3.7.0) lib/web_console/middleware.rb:20:in `call'
actionpack (5.2.4.2) lib/action_dispatch/middleware/show_exceptions.rb:33:in `call'
railties (5.2.4.2) lib/rails/rack/logger.rb:38:in `call_app'
railties (5.2.4.2) lib/rails/rack/logger.rb:26:in `block in call'
activesupport (5.2.4.2) lib/active_support/tagged_logging.rb:71:in `block in tagged'
activesupport (5.2.4.2) lib/active_support/tagged_logging.rb:28:in `tagged'
activesupport (5.2.4.2) lib/active_support/tagged_logging.rb:71:in `tagged'
railties (5.2.4.2) lib/rails/rack/logger.rb:26:in `call'
sprockets-rails (3.2.1) lib/sprockets/rails/quiet_assets.rb:13:in `call'
actionpack (5.2.4.2) lib/action_dispatch/middleware/remote_ip.rb:81:in `call'
actionpack (5.2.4.2) lib/action_dispatch/middleware/request_id.rb:27:in `call'
rack (2.2.2) lib/rack/method_override.rb:24:in `call'
rack (2.2.2) lib/rack/runtime.rb:22:in `call'
activesupport (5.2.4.2) lib/active_support/cache/strategy/local_cache_middleware.rb:29:in `call'
actionpack (5.2.4.2) lib/action_dispatch/middleware/executor.rb:14:in `call'
actionpack (5.2.4.2) lib/action_dispatch/middleware/static.rb:127:in `call'
rack (2.2.2) lib/rack/sendfile.rb:110:in `call'
railties (5.2.4.2) lib/rails/engine.rb:524:in `call'
puma (3.12.4) lib/puma/configuration.rb:227:in `call'
puma (3.12.4) lib/puma/server.rb:675:in `handle_request'
puma (3.12.4) lib/puma/server.rb:476:in `process_client'
puma (3.12.4) lib/puma/server.rb:334:in `block in run'
puma (3.12.4) lib/puma/thread_pool.rb:135:in `block in spawn_thread'
Started POST "/users" for ::1 at 2020-03-26 16:56:35 -0700
Processing by UsersController#create as HTML
  Parameters: {"user"=>{"username"=>"alvin", "password"=>"[FILTERED]"}}
Can't verify CSRF token authenticity.
Completed 422 Unprocessable Entity in 1ms (ActiveRecord: 0.0ms)



ActionController::InvalidAuthenticityToken - ActionController::InvalidAuthenticityToken:

Started POST "/__better_errors/60bf532475b70c9b/variables" for ::1 at 2020-03-26 16:56:35 -0700
Started GET "/users/1" for ::1 at 2020-03-26 16:57:30 -0700
Processing by UsersController#show as HTML
  Parameters: {"id"=>"1"}
  [1m[36mUser Load (1.2ms)[0m  [1m[34mSELECT  "users".* FROM "users" WHERE "users"."id" = $1 LIMIT $2[0m  [["id", 1], ["LIMIT", 1]]
  ↳ app/controllers/users_controller.rb:17
Completed 406 Not Acceptable in 315ms (ActiveRecord: 33.5ms)



ActionController::UnknownFormat - UsersController#show is missing a template for this request format and variant.

request.formats: ["text/html"]
request.variant: []

NOTE! For XHR/Ajax or API requests, this action would normally respond with 204 No Content: an empty white screen. Since you're loading it in a web browser, we assume that you expected to actually render a template, not nothing, so we're showing an error to be extra-clear. If you expect 204 No Content, carry on. That's what you'll get from an XHR or API request. Give it a shot.:

Started POST "/__better_errors/18dcf93e6cc1ca4d/variables" for ::1 at 2020-03-26 16:57:31 -0700
Started GET "/" for ::1 at 2020-03-26 16:57:57 -0700
Processing by Rails::WelcomeController#index as HTML
  Rendering /Users/al/.rbenv/versions/2.5.1/lib/ruby/gems/2.5.0/gems/railties-5.2.4.2/lib/rails/templates/rails/welcome/index.html.erb
  Rendered /Users/al/.rbenv/versions/2.5.1/lib/ruby/gems/2.5.0/gems/railties-5.2.4.2/lib/rails/templates/rails/welcome/index.html.erb (12.9ms)
Completed 200 OK in 35ms (Views: 20.6ms | ActiveRecord: 0.0ms)


Started GET "/users/new" for ::1 at 2020-03-26 16:58:01 -0700
Processing by UsersController#new as HTML
  Rendering users/new.html.erb within layouts/application
  Rendered users/new.html.erb within layouts/application (5.6ms)
Completed 200 OK in 164ms (Views: 162.4ms | ActiveRecord: 0.0ms)


Started POST "/users" for ::1 at 2020-03-26 16:58:15 -0700
Processing by UsersController#create as HTML
  Parameters: {"user"=>{"username"=>"wayne", "password"=>"[FILTERED]"}}
Can't verify CSRF token authenticity.
Completed 422 Unprocessable Entity in 2ms (ActiveRecord: 0.0ms)



ActionController::InvalidAuthenticityToken - ActionController::InvalidAuthenticityToken:

Started POST "/__better_errors/87ef3bb422fafae4/variables" for ::1 at 2020-03-26 16:58:15 -0700
Started POST "/users" for ::1 at 2020-03-26 17:01:30 -0700
Processing by UsersController#create as HTML
  Parameters: {"user"=>{"username"=>"wayne", "password"=>"[FILTERED]"}}
Can't verify CSRF token authenticity.
Completed 422 Unprocessable Entity in 3ms (ActiveRecord: 0.0ms)



ActionController::InvalidAuthenticityToken - ActionController::InvalidAuthenticityToken:

Started POST "/__better_errors/5169cae8eabc90e5/variables" for ::1 at 2020-03-26 17:01:30 -0700
